Using pre-set license
Built from '6000.0/release' branch; Version is '6000.0.46f1 (fb93bc360d3a) revision 16487356'; Using compiler version '193933523'; Build Type 'Release'
OS: 'Windows 11  (10.0.22631) 64bit Education' Language: 'ko' Physical Memory: 31831 MB
BatchMode: 1, IsHumanControllingUs: 0, StartBugReporterOnCrash: 0, Is64bit: 1, IsPro: 1

COMMAND LINE ARGUMENTS:
D:\unity\6000.0.46f1\Editor\Unity.exe
-adb2
-batchMode
-noUpm
-name
AssetImportWorker1
-projectPath
D:/unity/6000.0.46f1/My project 1103
-logFile
Logs/AssetImportWorker1.log
-srvPort
9983
-job-worker-count
5
-background-job-worker-count
8
-gc-helper-count
1
Successfully changed project path to: D:/unity/6000.0.46f1/My project 1103
D:/unity/6000.0.46f1/My project 1103
[UnityMemory] Configuration Parameters - Can be set up in boot.config
    "memorysetup-bucket-allocator-granularity=16"
    "memorysetup-bucket-allocator-bucket-count=8"
    "memorysetup-bucket-allocator-block-size=33554432"
    "memorysetup-bucket-allocator-block-count=8"
    "memorysetup-main-allocator-block-size=16777216"
    "memorysetup-thread-allocator-block-size=16777216"
    "memorysetup-gfx-main-allocator-block-size=16777216"
    "memorysetup-gfx-thread-allocator-block-size=16777216"
    "memorysetup-cache-allocator-block-size=4194304"
    "memorysetup-typetree-allocator-block-size=2097152"
    "memorysetup-profiler-bucket-allocator-granularity=16"
    "memorysetup-profiler-bucket-allocator-bucket-count=8"
    "memorysetup-profiler-bucket-allocator-block-size=33554432"
    "memorysetup-profiler-bucket-allocator-block-count=8"
    "memorysetup-profiler-allocator-block-size=16777216"
    "memorysetup-profiler-editor-allocator-block-size=1048576"
    "memorysetup-temp-allocator-size-main=16777216"
    "memorysetup-job-temp-allocator-block-size=2097152"
    "memorysetup-job-temp-allocator-block-size-background=1048576"
    "memorysetup-job-temp-allocator-reduction-small-platforms=262144"
    "memorysetup-allocator-temp-initial-block-size-main=262144"
    "memorysetup-allocator-temp-initial-block-size-worker=262144"
    "memorysetup-temp-allocator-size-background-worker=32768"
    "memorysetup-temp-allocator-size-job-worker=262144"
    "memorysetup-temp-allocator-size-preload-manager=33554432"
    "memorysetup-temp-allocator-size-nav-mesh-worker=65536"
    "memorysetup-temp-allocator-size-audio-worker=65536"
    "memorysetup-temp-allocator-size-cloud-worker=32768"
    "memorysetup-temp-allocator-size-gi-baking-worker=262144"
    "memorysetup-temp-allocator-size-gi-baking-worker=262144"
    "memorysetup-temp-allocator-size-gi-baking-worker=262144"
    "memorysetup-temp-allocator-size-gi-baking-worker=262144"
    "memorysetup-temp-allocator-size-gi-baking-worker=262144"
    "memorysetup-temp-allocator-size-gfx=262144"
Player connection [25536]  Target information:

Player connection [25536]  * "[IP] 172.30.1.91 [Port] 0 [Flags] 2 [Guid] 1039354795 [EditorId] 1039354795 [Version] 1048832 [Id] WindowsEditor(7,DESKTOP-43Q7M9B) [Debug] 1 [PackageName] WindowsEditor [ProjectName] Editor" 

Player connection [25536] Host joined multi-casting on [225.0.0.222:54997]...
Player connection [25536] Host joined alternative multi-casting on [225.0.0.222:34997]...
JobSystem: Creating JobQueue using job-worker-count value 5
Input System module state changed to: Initialized.
[Physics::Module] Initialized fallback backend.
[Physics::Module] Id: 0xdecafbad
Library Redirect Path: Library/
[Physics::Module] Selected backend.
[Physics::Module] Name: PhysX
[Physics::Module] Id: 0xf2b8ea05
[Physics::Module] SDK Version: 4.1.2
[Physics::Module] Integration Version: 1.0.0
[Physics::Module] Threading Mode: Multi-Threaded
Refreshing native plugins compatible for Editor in 3.12 ms, found 4 plugins.
Preloading 0 native plugins for Editor in 0.00 ms.
Initialize engine version: 6000.0.46f1 (fb93bc360d3a)
[Subsystems] Discovering subsystems at path D:/unity/6000.0.46f1/Editor/Data/Resources/UnitySubsystems
[Subsystems] Discovering subsystems at path D:/unity/6000.0.46f1/My project 1103/Assets
GfxDevice: creating device client; kGfxThreadingModeNonThreaded
Direct3D:
    Version:  Direct3D 11.0 [level 11.1]
    Renderer: NVIDIA GeForce RTX 5070 (ID=0x2f04)
    Vendor:   NVIDIA
    VRAM:     11855 MB
    Driver:   32.0.15.8157
Initialize mono
Mono path[0] = 'D:/unity/6000.0.46f1/Editor/Data/Managed'
Mono path[1] = 'D:/unity/6000.0.46f1/Editor/Data/MonoBleedingEdge/lib/mono/unityjit-win32'
Mono config path = 'D:/unity/6000.0.46f1/Editor/Data/MonoBleedingEdge/etc'
Using monoOptions --debugger-agent=transport=dt_socket,embedding=1,server=y,suspend=n,address=127.0.0.1:56700
Begin MonoManager ReloadAssembly
Registering precompiled unity dll's ...
Register platform support module: D:/unity/6000.0.46f1/Editor/Data/PlaybackEngines/WindowsStandaloneSupport/UnityEditor.WindowsStandalone.Extensions.dll
Register platform support module: D:/unity/6000.0.46f1/Editor/Data/PlaybackEngines/AndroidPlayer/UnityEditor.Android.Extensions.dll
Register platform support module: D:/unity/6000.0.46f1/Editor/Data/PlaybackEngines/iOSSupport/UnityEditor.iOS.Extensions.dll
Registered in 0.004867 seconds.
- Loaded All Assemblies, in  0.434 seconds
[usbmuxd] Start listen thread
[usbmuxd] Listen thread started
Native extension for iOS target not found
Native extension for Android target not found
Android Extension - Scanning For ADB Devices 1791 ms
Native extension for WindowsStandalone target not found
Mono: successfully reloaded assembly
- Finished resetting the current domain, in  2.056 seconds
Domain Reload Profiling: 2490ms
	BeginReloadAssembly (179ms)
		ExecutionOrderSort (0ms)
		DisableScriptedObjects (0ms)
		BackupInstance (0ms)
		ReleaseScriptingObjects (0ms)
		CreateAndSetChildDomain (1ms)
	RebuildCommonClasses (40ms)
	RebuildNativeTypeToScriptingClass (12ms)
	initialDomainReloadingComplete (42ms)
	LoadAllAssembliesAndSetupDomain (161ms)
		LoadAssemblies (178ms)
		RebuildTransferFunctionScriptingTraits (0ms)
		AnalyzeDomain (156ms)
			TypeCache.Refresh (155ms)
				TypeCache.ScanAssembly (144ms)
			BuildScriptInfoCaches (0ms)
			ResolveRequiredComponents (0ms)
	FinalizeReload (2057ms)
		ReleaseScriptCaches (0ms)
		RebuildScriptCaches (0ms)
		SetupLoadedEditorAssemblies (2021ms)
			LogAssemblyErrors (0ms)
			InitializePlatformSupportModulesInManaged (1869ms)
			SetLoadedEditorAssemblies (3ms)
			BeforeProcessingInitializeOnLoad (36ms)
			ProcessInitializeOnLoadAttributes (73ms)
			ProcessInitializeOnLoadMethodAttributes (39ms)
			AfterProcessingInitializeOnLoad (0ms)
			EditorAssembliesLoaded (0ms)
		ExecutionOrderSort2 (0ms)
		AwakeInstancesAfterBackupRestoration (0ms)
========================================================================
Worker process is ready to serve import requests
Import Worker Mode flag is 0x00
Begin MonoManager ReloadAssembly
- Loaded All Assemblies, in  0.572 seconds
Refreshing native plugins compatible for Editor in 1.13 ms, found 4 plugins.
Native extension for iOS target not found
Native extension for Android target not found
Native extension for WindowsStandalone target not found
Mono: successfully reloaded assembly
- Finished resetting the current domain, in  0.565 seconds
Domain Reload Profiling: 1136ms
	BeginReloadAssembly (129ms)
		ExecutionOrderSort (0ms)
		DisableScriptedObjects (3ms)
		BackupInstance (0ms)
		ReleaseScriptingObjects (0ms)
		CreateAndSetChildDomain (26ms)
	RebuildCommonClasses (31ms)
	RebuildNativeTypeToScriptingClass (7ms)
	initialDomainReloadingComplete (22ms)
	LoadAllAssembliesAndSetupDomain (380ms)
		LoadAssemblies (254ms)
		RebuildTransferFunctionScriptingTraits (0ms)
		AnalyzeDomain (204ms)
			TypeCache.Refresh (147ms)
				TypeCache.ScanAssembly (135ms)
			BuildScriptInfoCaches (48ms)
			ResolveRequiredComponents (7ms)
	FinalizeReload (566ms)
		ReleaseScriptCaches (0ms)
		RebuildScriptCaches (0ms)
		SetupLoadedEditorAssemblies (453ms)
			LogAssemblyErrors (0ms)
			InitializePlatformSupportModulesInManaged (11ms)
			SetLoadedEditorAssemblies (2ms)
			BeforeProcessingInitializeOnLoad (76ms)
			ProcessInitializeOnLoadAttributes (278ms)
			ProcessInitializeOnLoadMethodAttributes (84ms)
			AfterProcessingInitializeOnLoad (2ms)
			EditorAssembliesLoaded (0ms)
		ExecutionOrderSort2 (0ms)
		AwakeInstancesAfterBackupRestoration (5ms)
Launched and connected shader compiler UnityShaderCompiler.exe after 0.01 seconds
Refreshing native plugins compatible for Editor in 1.65 ms, found 4 plugins.
Preloading 0 native plugins for Editor in 0.00 ms.
Unloading 206 Unused Serialized files (Serialized files now loaded: 0)
Unloading 6585 unused Assets / (6.6 MB). Loaded Objects now: 7231.
Memory consumption went from 172.5 MB to 165.8 MB.
Total: 8.760800 ms (FindLiveObjects: 0.615300 ms CreateObjectMapping: 0.316700 ms MarkObjects: 4.156900 ms  DeleteObjects: 3.670500 ms)

========================================================================
Received Import Request.
  Time since last request: 2114.367439 seconds.
  path: Assets/UniversalRenderPipelineGlobalSettings.asset
  artifactKey: Guid(93b439a37f63240aca3dd4e01d978a9f) Importer(815301076,1909f56bfc062723c751e8b465ee728b)
Start importing Assets/UniversalRenderPipelineGlobalSettings.asset using Guid(93b439a37f63240aca3dd4e01d978a9f) Importer(815301076,1909f56bfc062723c751e8b465ee728b) (PreviewImporter) -> (artifact id: '00c025d2039ced57596f58dea75cb28a') in 0.0182938 seconds
Number of updated asset objects reloaded before import = 0Number of asset objects unloaded after import = 0

========================================================================
Received Prepare
Begin MonoManager ReloadAssembly
- Loaded All Assemblies, in  0.532 seconds
Refreshing native plugins compatible for Editor in 0.85 ms, found 4 plugins.
Native extension for iOS target not found
Native extension for Android target not found
Native extension for WindowsStandalone target not found
Mono: successfully reloaded assembly
- Finished resetting the current domain, in  0.474 seconds
Domain Reload Profiling: 1007ms
	BeginReloadAssembly (140ms)
		ExecutionOrderSort (0ms)
		DisableScriptedObjects (7ms)
		BackupInstance (0ms)
		ReleaseScriptingObjects (0ms)
		CreateAndSetChildDomain (40ms)
	RebuildCommonClasses (22ms)
	RebuildNativeTypeToScriptingClass (9ms)
	initialDomainReloadingComplete (20ms)
	LoadAllAssembliesAndSetupDomain (341ms)
		LoadAssemblies (231ms)
		RebuildTransferFunctionScriptingTraits (0ms)
		AnalyzeDomain (171ms)
			TypeCache.Refresh (95ms)
				TypeCache.ScanAssembly (87ms)
			BuildScriptInfoCaches (68ms)
			ResolveRequiredComponents (5ms)
	FinalizeReload (474ms)
		ReleaseScriptCaches (0ms)
		RebuildScriptCaches (0ms)
		SetupLoadedEditorAssemblies (345ms)
			LogAssemblyErrors (0ms)
			InitializePlatformSupportModulesInManaged (13ms)
			SetLoadedEditorAssemblies (2ms)
			BeforeProcessingInitializeOnLoad (74ms)
			ProcessInitializeOnLoadAttributes (220ms)
			ProcessInitializeOnLoadMethodAttributes (34ms)
			AfterProcessingInitializeOnLoad (2ms)
			EditorAssembliesLoaded (0ms)
		ExecutionOrderSort2 (0ms)
		AwakeInstancesAfterBackupRestoration (9ms)
Refreshing native plugins compatible for Editor in 2.00 ms, found 4 plugins.
Preloading 0 native plugins for Editor in 0.00 ms.
Unloading 40 Unused Serialized files (Serialized files now loaded: 0)
Unloading 6706 unused Assets / (7.4 MB). Loaded Objects now: 7361.
Memory consumption went from 150.1 MB to 142.8 MB.
Total: 10.999800 ms (FindLiveObjects: 0.866100 ms CreateObjectMapping: 0.665900 ms MarkObjects: 5.089400 ms  DeleteObjects: 4.377100 ms)

Prepare: number of updated asset objects reloaded= 0
========================================================================
Received Import Request.
  Time since last request: 248.538687 seconds.
  path: Assets/ElvGames/Platformer Series/Animated Objects/PS_Coins_2.png
  artifactKey: Guid(e8ecc41125b7cb64a98f69740b7ca05e) Importer(815301076,1909f56bfc062723c751e8b465ee728b)
Start importing Assets/ElvGames/Platformer Series/Animated Objects/PS_Coins_2.png using Guid(e8ecc41125b7cb64a98f69740b7ca05e) Importer(815301076,1909f56bfc062723c751e8b465ee728b) (PreviewImporter) -> (artifact id: '3b01808b4cf1ad13949241aff20e962b') in 0.0898887 seconds
Number of updated asset objects reloaded before import = 0Number of asset objects unloaded after import = 10

========================================================================
Received Import Request.
  Time since last request: 0.000017 seconds.
  path: Assets/ElvGames/Platformer Series/Animated Objects/PS_Crystal_Yellow_3.png
  artifactKey: Guid(1a86e7a3e8716aa4cadc0ce73e805645) Importer(815301076,1909f56bfc062723c751e8b465ee728b)
Start importing Assets/ElvGames/Platformer Series/Animated Objects/PS_Crystal_Yellow_3.png using Guid(1a86e7a3e8716aa4cadc0ce73e805645) Importer(815301076,1909f56bfc062723c751e8b465ee728b) (PreviewImporter) -> (artifact id: 'bfe090d5c8fd8f0c11d19be0b1d498ab') in 0.0175566 seconds
Number of updated asset objects reloaded before import = 0Number of asset objects unloaded after import = 10

========================================================================
Received Import Request.
  Time since last request: 0.000025 seconds.
  path: Assets/ElvGames/Platformer Series/Animated Objects/PS_Crystal_Green_5.png
  artifactKey: Guid(ace6dfee6fd9c55409eefffeed7ad01c) Importer(815301076,1909f56bfc062723c751e8b465ee728b)
Start importing Assets/ElvGames/Platformer Series/Animated Objects/PS_Crystal_Green_5.png using Guid(ace6dfee6fd9c55409eefffeed7ad01c) Importer(815301076,1909f56bfc062723c751e8b465ee728b) (PreviewImporter) -> (artifact id: '55ced21fc1880d431c4e26afb9a2555d') in 0.0156392 seconds
Number of updated asset objects reloaded before import = 0Number of asset objects unloaded after import = 10

========================================================================
Received Import Request.
  Time since last request: 0.000039 seconds.
  path: Assets/ElvGames/Platformer Series/Animated Objects/PS_Crystal_Blue_4.png
  artifactKey: Guid(6a04f8f296259184d899002402e1b710) Importer(815301076,1909f56bfc062723c751e8b465ee728b)
Start importing Assets/ElvGames/Platformer Series/Animated Objects/PS_Crystal_Blue_4.png using Guid(6a04f8f296259184d899002402e1b710) Importer(815301076,1909f56bfc062723c751e8b465ee728b) (PreviewImporter) -> (artifact id: '8cc0b36acb9c0a3b92ddda98b95e16df') in 0.0175153 seconds
Number of updated asset objects reloaded before import = 0Number of asset objects unloaded after import = 10

========================================================================
Received Import Request.
  Time since last request: 0.000013 seconds.
  path: Assets/ElvGames/Platformer Series/Animated Objects/PS_Crystal_Green_3.png
  artifactKey: Guid(f7036133dc163374dbe79ac5099959ff) Importer(815301076,1909f56bfc062723c751e8b465ee728b)
Start importing Assets/ElvGames/Platformer Series/Animated Objects/PS_Crystal_Green_3.png using Guid(f7036133dc163374dbe79ac5099959ff) Importer(815301076,1909f56bfc062723c751e8b465ee728b) (PreviewImporter) -> (artifact id: 'a8c6cf4cbeef7dcb5056d9248898a860') in 0.0172688 seconds
Number of updated asset objects reloaded before import = 0Number of asset objects unloaded after import = 10

========================================================================
Received Import Request.
  Time since last request: 0.000014 seconds.
  path: Assets/ElvGames/Platformer Series/Animated Objects/PS_Items_Animated.png
  artifactKey: Guid(50fae09cef856b2428c21b46c44a7e8e) Importer(815301076,1909f56bfc062723c751e8b465ee728b)
Start importing Assets/ElvGames/Platformer Series/Animated Objects/PS_Items_Animated.png using Guid(50fae09cef856b2428c21b46c44a7e8e) Importer(815301076,1909f56bfc062723c751e8b465ee728b) (PreviewImporter) -> (artifact id: '9e4c1d4434a22bcbe0caee8d960ee509') in 0.1656687 seconds
Number of updated asset objects reloaded before import = 0Number of asset objects unloaded after import = 194

========================================================================
Received Import Request.
  Time since last request: 0.000019 seconds.
  path: Assets/ElvGames/Platformer Series/Animated Objects/PS_Crystal_Yellow_4.png
  artifactKey: Guid(bdca9860f7c219346a3b182825cf2fd8) Importer(815301076,1909f56bfc062723c751e8b465ee728b)
Start importing Assets/ElvGames/Platformer Series/Animated Objects/PS_Crystal_Yellow_4.png using Guid(bdca9860f7c219346a3b182825cf2fd8) Importer(815301076,1909f56bfc062723c751e8b465ee728b) (PreviewImporter) -> (artifact id: 'cbdb19b5836fa21afd4a7d7bd2850d96') in 0.0178101 seconds
Number of updated asset objects reloaded before import = 0Number of asset objects unloaded after import = 10

========================================================================
Received Import Request.
  Time since last request: 0.000027 seconds.
  path: Assets/ElvGames/Platformer Series/Animated Objects/PS_Crystal_Yellow_5.png
  artifactKey: Guid(6ae2606d71dd6d041ae6e784a886cd0c) Importer(815301076,1909f56bfc062723c751e8b465ee728b)
Start importing Assets/ElvGames/Platformer Series/Animated Objects/PS_Crystal_Yellow_5.png using Guid(6ae2606d71dd6d041ae6e784a886cd0c) Importer(815301076,1909f56bfc062723c751e8b465ee728b) (PreviewImporter) -> (artifact id: '3290fc7ff7f07f6099860f4734d5b48a') in 0.0174157 seconds
Number of updated asset objects reloaded before import = 0Number of asset objects unloaded after import = 10

========================================================================
Received Import Request.
  Time since last request: 0.000017 seconds.
  path: Assets/ElvGames/Platformer Series/Animated Objects/PS_Crystal_Green_1.png
  artifactKey: Guid(c2d73118b1fb44c46b8a43719395e8c5) Importer(815301076,1909f56bfc062723c751e8b465ee728b)
Start importing Assets/ElvGames/Platformer Series/Animated Objects/PS_Crystal_Green_1.png using Guid(c2d73118b1fb44c46b8a43719395e8c5) Importer(815301076,1909f56bfc062723c751e8b465ee728b) (PreviewImporter) -> (artifact id: '2e866cf62be0c492ff03bef9eb5903bf') in 0.0175779 seconds
Number of updated asset objects reloaded before import = 0Number of asset objects unloaded after import = 10

========================================================================
Received Import Request.
  Time since last request: 0.000016 seconds.
  path: Assets/ElvGames/Platformer Series/Animated Objects/PS_Crystal_Blue_3.png
  artifactKey: Guid(816b4710e844a4f4fbf1d4fda8e0e1b4) Importer(815301076,1909f56bfc062723c751e8b465ee728b)
Start importing Assets/ElvGames/Platformer Series/Animated Objects/PS_Crystal_Blue_3.png using Guid(816b4710e844a4f4fbf1d4fda8e0e1b4) Importer(815301076,1909f56bfc062723c751e8b465ee728b) (PreviewImporter) -> (artifact id: 'e79afa7a461378207b73645e4a4221cd') in 0.0176477 seconds
Number of updated asset objects reloaded before import = 0Number of asset objects unloaded after import = 10

========================================================================
Received Prepare
Begin MonoManager ReloadAssembly
- Loaded All Assemblies, in  0.475 seconds
Refreshing native plugins compatible for Editor in 0.96 ms, found 4 plugins.
Native extension for iOS target not found
Native extension for Android target not found
Native extension for WindowsStandalone target not found
Mono: successfully reloaded assembly
- Finished resetting the current domain, in  0.528 seconds
Domain Reload Profiling: 1005ms
	BeginReloadAssembly (150ms)
		ExecutionOrderSort (0ms)
		DisableScriptedObjects (7ms)
		BackupInstance (0ms)
		ReleaseScriptingObjects (0ms)
		CreateAndSetChildDomain (50ms)
	RebuildCommonClasses (22ms)
	RebuildNativeTypeToScriptingClass (8ms)
	initialDomainReloadingComplete (15ms)
	LoadAllAssembliesAndSetupDomain (282ms)
		LoadAssemblies (218ms)
		RebuildTransferFunctionScriptingTraits (0ms)
		AnalyzeDomain (127ms)
			TypeCache.Refresh (4ms)
				TypeCache.ScanAssembly (0ms)
			BuildScriptInfoCaches (115ms)
			ResolveRequiredComponents (5ms)
	FinalizeReload (528ms)
		ReleaseScriptCaches (0ms)
		RebuildScriptCaches (0ms)
		SetupLoadedEditorAssemblies (398ms)
			LogAssemblyErrors (0ms)
			InitializePlatformSupportModulesInManaged (10ms)
			SetLoadedEditorAssemblies (2ms)
			BeforeProcessingInitializeOnLoad (73ms)
			ProcessInitializeOnLoadAttributes (263ms)
			ProcessInitializeOnLoadMethodAttributes (47ms)
			AfterProcessingInitializeOnLoad (3ms)
			EditorAssembliesLoaded (0ms)
		ExecutionOrderSort2 (0ms)
		AwakeInstancesAfterBackupRestoration (11ms)
Refreshing native plugins compatible for Editor in 1.78 ms, found 4 plugins.
Preloading 0 native plugins for Editor in 0.00 ms.
Unloading 40 Unused Serialized files (Serialized files now loaded: 0)
Unloading 6706 unused Assets / (8.1 MB). Loaded Objects now: 7371.
Memory consumption went from 156.8 MB to 148.6 MB.
Total: 10.152600 ms (FindLiveObjects: 1.020900 ms CreateObjectMapping: 0.466600 ms MarkObjects: 4.094900 ms  DeleteObjects: 4.569000 ms)

Prepare: number of updated asset objects reloaded= 0
========================================================================
Received Import Request.
  Time since last request: 27.282534 seconds.
  path: Assets/Settings/UniversalRP.asset
  artifactKey: Guid(681886c5eb7344803b6206f758bf0b1c) Importer(815301076,1909f56bfc062723c751e8b465ee728b)
Start importing Assets/Settings/UniversalRP.asset using Guid(681886c5eb7344803b6206f758bf0b1c) Importer(815301076,1909f56bfc062723c751e8b465ee728b) (PreviewImporter) -> (artifact id: '910a3316ce45b604f98c2ad003aa3cfb') in 0.0168387 seconds
Number of updated asset objects reloaded before import = 0Number of asset objects unloaded after import = 0

========================================================================
Received Import Request.
  Time since last request: 14.651110 seconds.
  path: Assets/ElvGames/Platformer Series/Backgrounds/Background_14_002.png
  artifactKey: Guid(f0bbeab7261e0154385a00bf4e0b6b80) Importer(815301076,1909f56bfc062723c751e8b465ee728b)
Start importing Assets/ElvGames/Platformer Series/Backgrounds/Background_14_002.png using Guid(f0bbeab7261e0154385a00bf4e0b6b80) Importer(815301076,1909f56bfc062723c751e8b465ee728b) (PreviewImporter) -> (artifact id: 'c37f98ec33db2c8073d15fa48628c175') in 0.0375208 seconds
Number of updated asset objects reloaded before import = 0Number of asset objects unloaded after import = 3

========================================================================
Received Import Request.
  Time since last request: 0.000013 seconds.
  path: Assets/ElvGames/Platformer Series/Backgrounds/PS_Background_13_2.png
  artifactKey: Guid(c41ee26e6c1bf254ba7a2f3a26060667) Importer(815301076,1909f56bfc062723c751e8b465ee728b)
Start importing Assets/ElvGames/Platformer Series/Backgrounds/PS_Background_13_2.png using Guid(c41ee26e6c1bf254ba7a2f3a26060667) Importer(815301076,1909f56bfc062723c751e8b465ee728b) (PreviewImporter) -> (artifact id: '174b9c4b547ee1d2fbd93f7ed3a4bd82') in 0.0122369 seconds
Number of updated asset objects reloaded before import = 0Number of asset objects unloaded after import = 3

========================================================================
Received Import Request.
  Time since last request: 0.000014 seconds.
  path: Assets/ElvGames/Platformer Series/Backgrounds/Background_14_003.png
  artifactKey: Guid(7057faf7edb991d4fa9f433de46928fc) Importer(815301076,1909f56bfc062723c751e8b465ee728b)
Start importing Assets/ElvGames/Platformer Series/Backgrounds/Background_14_003.png using Guid(7057faf7edb991d4fa9f433de46928fc) Importer(815301076,1909f56bfc062723c751e8b465ee728b) (PreviewImporter) -> (artifact id: '20d7ad6d7bfe802d844a7416f4b925b6') in 0.0113793 seconds
Number of updated asset objects reloaded before import = 0Number of asset objects unloaded after import = 3

========================================================================
Received Import Request.
  Time since last request: 0.000019 seconds.
  path: Assets/ElvGames/Platformer Series/Backgrounds/PS_Background_13_0.png
  artifactKey: Guid(e22405047178c404d9fd67607aa447c6) Importer(815301076,1909f56bfc062723c751e8b465ee728b)
Start importing Assets/ElvGames/Platformer Series/Backgrounds/PS_Background_13_0.png using Guid(e22405047178c404d9fd67607aa447c6) Importer(815301076,1909f56bfc062723c751e8b465ee728b) (PreviewImporter) -> (artifact id: '384ec1c4e2fb50c19f305fff864419ad') in 0.0121515 seconds
Number of updated asset objects reloaded before import = 0Number of asset objects unloaded after import = 3

========================================================================
Received Import Request.
  Time since last request: 0.000013 seconds.
  path: Assets/ElvGames/Platformer Series/Backgrounds/PS_Forest_03.png
  artifactKey: Guid(c6506aa1ffbb58841a18577ccbaad29d) Importer(815301076,1909f56bfc062723c751e8b465ee728b)
Start importing Assets/ElvGames/Platformer Series/Backgrounds/PS_Forest_03.png using Guid(c6506aa1ffbb58841a18577ccbaad29d) Importer(815301076,1909f56bfc062723c751e8b465ee728b) (PreviewImporter) -> (artifact id: '148399b51038ea44af400fedc1fbc1ad') in 0.0111122 seconds
Number of updated asset objects reloaded before import = 0Number of asset objects unloaded after import = 3

========================================================================
Received Import Request.
  Time since last request: 0.000014 seconds.
  path: Assets/ElvGames/Platformer Series/Backgrounds/PS_Clouds_ 1.png
  artifactKey: Guid(dafcef0d2e835184eb63ceafb980c8b4) Importer(815301076,1909f56bfc062723c751e8b465ee728b)
Start importing Assets/ElvGames/Platformer Series/Backgrounds/PS_Clouds_ 1.png using Guid(dafcef0d2e835184eb63ceafb980c8b4) Importer(815301076,1909f56bfc062723c751e8b465ee728b) (PreviewImporter) -> (artifact id: 'e10d943c5224bff2a097dacf29e80994') in 0.0111906 seconds
Number of updated asset objects reloaded before import = 0Number of asset objects unloaded after import = 3

========================================================================
Received Import Request.
  Time since last request: 0.000014 seconds.
  path: Assets/ElvGames/Platformer Series/Backgrounds/PS_Tileset_07_Background01.png
  artifactKey: Guid(0aa8d84c89dfa744cbca30d917d5c0d5) Importer(815301076,1909f56bfc062723c751e8b465ee728b)
Start importing Assets/ElvGames/Platformer Series/Backgrounds/PS_Tileset_07_Background01.png using Guid(0aa8d84c89dfa744cbca30d917d5c0d5) Importer(815301076,1909f56bfc062723c751e8b465ee728b) (PreviewImporter) -> (artifact id: 'd78fa0b95dd47637daac055672cbbfb4') in 0.0063966 seconds
Number of updated asset objects reloaded before import = 0Number of asset objects unloaded after import = 3

========================================================================
Received Import Request.
  Time since last request: 0.000015 seconds.
  path: Assets/ElvGames/Platformer Series/Backgrounds/PS_Space_Clouds_3.png
  artifactKey: Guid(a48b52f2d7ac288428342eaf77051086) Importer(815301076,1909f56bfc062723c751e8b465ee728b)
Start importing Assets/ElvGames/Platformer Series/Backgrounds/PS_Space_Clouds_3.png using Guid(a48b52f2d7ac288428342eaf77051086) Importer(815301076,1909f56bfc062723c751e8b465ee728b) (PreviewImporter) -> (artifact id: '6d9ebc7d4f7188c13858bb1d95d9746d') in 0.0136056 seconds
Number of updated asset objects reloaded before import = 0Number of asset objects unloaded after import = 3

========================================================================
Received Import Request.
  Time since last request: 19.660569 seconds.
  path: Assets/ElvGames/Platformer Series/Heroes/Hero 001/Hero_001_Damage.png
  artifactKey: Guid(21d29834837420f42af82db3790722e6) Importer(815301076,1909f56bfc062723c751e8b465ee728b)
Start importing Assets/ElvGames/Platformer Series/Heroes/Hero 001/Hero_001_Damage.png using Guid(21d29834837420f42af82db3790722e6) Importer(815301076,1909f56bfc062723c751e8b465ee728b) (PreviewImporter) -> (artifact id: 'd90dd8d0b148cf7608dbc4aac3699ec5') in 0.0188048 seconds
Number of updated asset objects reloaded before import = 0Number of asset objects unloaded after import = 8

========================================================================
Received Import Request.
  Time since last request: 0.000013 seconds.
  path: Assets/ElvGames/Platformer Series/Heroes/Hero 001/Hero_001_Staff.png
  artifactKey: Guid(6de016b808674454d8828d210fc535f8) Importer(815301076,1909f56bfc062723c751e8b465ee728b)
Start importing Assets/ElvGames/Platformer Series/Heroes/Hero 001/Hero_001_Staff.png using Guid(6de016b808674454d8828d210fc535f8) Importer(815301076,1909f56bfc062723c751e8b465ee728b) (PreviewImporter) -> (artifact id: '948f6c3f34f426a14459e084e5b8ebff') in 0.0163865 seconds
Number of updated asset objects reloaded before import = 0Number of asset objects unloaded after import = 8

========================================================================
Received Import Request.
  Time since last request: 0.000013 seconds.
  path: Assets/ElvGames/Platformer Series/Heroes/Hero 001/Hero_001_Pull.png
  artifactKey: Guid(990742773586c014c92889b8328bc740) Importer(815301076,1909f56bfc062723c751e8b465ee728b)
Start importing Assets/ElvGames/Platformer Series/Heroes/Hero 001/Hero_001_Pull.png using Guid(990742773586c014c92889b8328bc740) Importer(815301076,1909f56bfc062723c751e8b465ee728b) (PreviewImporter) -> (artifact id: '80330c610adf2980d13bb0758093a235') in 0.0153886 seconds
Number of updated asset objects reloaded before import = 0Number of asset objects unloaded after import = 6

========================================================================
Received Import Request.
  Time since last request: 0.000014 seconds.
  path: Assets/ElvGames/Platformer Series/Heroes/Hero 001/Hero_001_Idle.png
  artifactKey: Guid(ca763004c117866478063eb0ce249d9c) Importer(815301076,1909f56bfc062723c751e8b465ee728b)
Start importing Assets/ElvGames/Platformer Series/Heroes/Hero 001/Hero_001_Idle.png using Guid(ca763004c117866478063eb0ce249d9c) Importer(815301076,1909f56bfc062723c751e8b465ee728b) (PreviewImporter) -> (artifact id: '9a54fcb4fa8d7c3c0836918e203f5e45') in 0.0159973 seconds
Number of updated asset objects reloaded before import = 0Number of asset objects unloaded after import = 8

========================================================================
Received Import Request.
  Time since last request: 0.000024 seconds.
  path: Assets/ElvGames/Platformer Series/Heroes/Hero 001/Hero_001_Sword_2.png
  artifactKey: Guid(313ef9b504b500744b99e7a06e07bc78) Importer(815301076,1909f56bfc062723c751e8b465ee728b)
Start importing Assets/ElvGames/Platformer Series/Heroes/Hero 001/Hero_001_Sword_2.png using Guid(313ef9b504b500744b99e7a06e07bc78) Importer(815301076,1909f56bfc062723c751e8b465ee728b) (PreviewImporter) -> (artifact id: '29f907ebd7303a326bf61d3755eb3b0b') in 0.0159632 seconds
Number of updated asset objects reloaded before import = 0Number of asset objects unloaded after import = 8

