Using pre-set license
Built from '6000.0/release' branch; Version is '6000.0.46f1 (fb93bc360d3a) revision 16487356'; Using compiler version '193933523'; Build Type 'Release'
OS: 'Windows 11  (10.0.22631) 64bit Education' Language: 'ko' Physical Memory: 31831 MB
BatchMode: 1, IsHumanControllingUs: 0, StartBugReporterOnCrash: 0, Is64bit: 1, IsPro: 1

COMMAND LINE ARGUMENTS:
D:\unity\6000.0.46f1\Editor\Unity.exe
-adb2
-batchMode
-noUpm
-name
AssetImportWorker0
-projectPath
D:/unity/6000.0.46f1/My project 1103
-logFile
Logs/AssetImportWorker0.log
-srvPort
9983
-job-worker-count
5
-background-job-worker-count
8
-gc-helper-count
1
Successfully changed project path to: D:/unity/6000.0.46f1/My project 1103
D:/unity/6000.0.46f1/My project 1103
[UnityMemory] Configuration Parameters - Can be set up in boot.config
    "memorysetup-bucket-allocator-granularity=16"
    "memorysetup-bucket-allocator-bucket-count=8"
    "memorysetup-bucket-allocator-block-size=33554432"
    "memorysetup-bucket-allocator-block-count=8"
    "memorysetup-main-allocator-block-size=16777216"
    "memorysetup-thread-allocator-block-size=16777216"
    "memorysetup-gfx-main-allocator-block-size=16777216"
    "memorysetup-gfx-thread-allocator-block-size=16777216"
    "memorysetup-cache-allocator-block-size=4194304"
    "memorysetup-typetree-allocator-block-size=2097152"
    "memorysetup-profiler-bucket-allocator-granularity=16"
    "memorysetup-profiler-bucket-allocator-bucket-count=8"
    "memorysetup-profiler-bucket-allocator-block-size=33554432"
    "memorysetup-profiler-bucket-allocator-block-count=8"
    "memorysetup-profiler-allocator-block-size=16777216"
    "memorysetup-profiler-editor-allocator-block-size=1048576"
    "memorysetup-temp-allocator-size-main=16777216"
    "memorysetup-job-temp-allocator-block-size=2097152"
    "memorysetup-job-temp-allocator-block-size-background=1048576"
    "memorysetup-job-temp-allocator-reduction-small-platforms=262144"
    "memorysetup-allocator-temp-initial-block-size-main=262144"
    "memorysetup-allocator-temp-initial-block-size-worker=262144"
    "memorysetup-temp-allocator-size-background-worker=32768"
    "memorysetup-temp-allocator-size-job-worker=262144"
    "memorysetup-temp-allocator-size-preload-manager=33554432"
    "memorysetup-temp-allocator-size-nav-mesh-worker=65536"
    "memorysetup-temp-allocator-size-audio-worker=65536"
    "memorysetup-temp-allocator-size-cloud-worker=32768"
    "memorysetup-temp-allocator-size-gi-baking-worker=262144"
    "memorysetup-temp-allocator-size-gi-baking-worker=262144"
    "memorysetup-temp-allocator-size-gi-baking-worker=262144"
    "memorysetup-temp-allocator-size-gi-baking-worker=262144"
    "memorysetup-temp-allocator-size-gi-baking-worker=262144"
    "memorysetup-temp-allocator-size-gfx=262144"
Player connection [25852]  Target information:

Player connection [25852]  * "[IP] 172.30.1.91 [Port] 0 [Flags] 2 [Guid] 526832337 [EditorId] 526832337 [Version] 1048832 [Id] WindowsEditor(7,DESKTOP-43Q7M9B) [Debug] 1 [PackageName] WindowsEditor [ProjectName] Editor" 

Player connection [25852] Host joined multi-casting on [225.0.0.222:54997]...
Player connection [25852] Host joined alternative multi-casting on [225.0.0.222:34997]...
JobSystem: Creating JobQueue using job-worker-count value 5
Input System module state changed to: Initialized.
[Physics::Module] Initialized fallback backend.
[Physics::Module] Id: 0xdecafbad
Library Redirect Path: Library/
[Physics::Module] Selected backend.
[Physics::Module] Name: PhysX
[Physics::Module] Id: 0xf2b8ea05
[Physics::Module] SDK Version: 4.1.2
[Physics::Module] Integration Version: 1.0.0
[Physics::Module] Threading Mode: Multi-Threaded
Refreshing native plugins compatible for Editor in 2.58 ms, found 4 plugins.
Preloading 0 native plugins for Editor in 0.00 ms.
Initialize engine version: 6000.0.46f1 (fb93bc360d3a)
[Subsystems] Discovering subsystems at path D:/unity/6000.0.46f1/Editor/Data/Resources/UnitySubsystems
[Subsystems] Discovering subsystems at path D:/unity/6000.0.46f1/My project 1103/Assets
GfxDevice: creating device client; kGfxThreadingModeNonThreaded
Direct3D:
    Version:  Direct3D 11.0 [level 11.1]
    Renderer: NVIDIA GeForce RTX 5070 (ID=0x2f04)
    Vendor:   NVIDIA
    VRAM:     11855 MB
    Driver:   32.0.15.8157
Initialize mono
Mono path[0] = 'D:/unity/6000.0.46f1/Editor/Data/Managed'
Mono path[1] = 'D:/unity/6000.0.46f1/Editor/Data/MonoBleedingEdge/lib/mono/unityjit-win32'
Mono config path = 'D:/unity/6000.0.46f1/Editor/Data/MonoBleedingEdge/etc'
Using monoOptions --debugger-agent=transport=dt_socket,embedding=1,server=y,suspend=n,address=127.0.0.1:56736
Begin MonoManager ReloadAssembly
Registering precompiled unity dll's ...
Register platform support module: D:/unity/6000.0.46f1/Editor/Data/PlaybackEngines/WindowsStandaloneSupport/UnityEditor.WindowsStandalone.Extensions.dll
Register platform support module: D:/unity/6000.0.46f1/Editor/Data/PlaybackEngines/AndroidPlayer/UnityEditor.Android.Extensions.dll
Register platform support module: D:/unity/6000.0.46f1/Editor/Data/PlaybackEngines/iOSSupport/UnityEditor.iOS.Extensions.dll
Registered in 0.004041 seconds.
- Loaded All Assemblies, in  0.473 seconds
[usbmuxd] Start listen thread
[usbmuxd] Listen thread started
Native extension for iOS target not found
Native extension for Android target not found
Android Extension - Scanning For ADB Devices 1797 ms
Native extension for WindowsStandalone target not found
Mono: successfully reloaded assembly
- Finished resetting the current domain, in  2.064 seconds
Domain Reload Profiling: 2537ms
	BeginReloadAssembly (223ms)
		ExecutionOrderSort (0ms)
		DisableScriptedObjects (0ms)
		BackupInstance (0ms)
		ReleaseScriptingObjects (0ms)
		CreateAndSetChildDomain (3ms)
	RebuildCommonClasses (40ms)
	RebuildNativeTypeToScriptingClass (12ms)
	initialDomainReloadingComplete (43ms)
	LoadAllAssembliesAndSetupDomain (154ms)
		LoadAssemblies (206ms)
		RebuildTransferFunctionScriptingTraits (0ms)
		AnalyzeDomain (146ms)
			TypeCache.Refresh (145ms)
				TypeCache.ScanAssembly (136ms)
			BuildScriptInfoCaches (0ms)
			ResolveRequiredComponents (0ms)
	FinalizeReload (2064ms)
		ReleaseScriptCaches (0ms)
		RebuildScriptCaches (0ms)
		SetupLoadedEditorAssemblies (2029ms)
			LogAssemblyErrors (0ms)
			InitializePlatformSupportModulesInManaged (1872ms)
			SetLoadedEditorAssemblies (3ms)
			BeforeProcessingInitializeOnLoad (36ms)
			ProcessInitializeOnLoadAttributes (73ms)
			ProcessInitializeOnLoadMethodAttributes (44ms)
			AfterProcessingInitializeOnLoad (0ms)
			EditorAssembliesLoaded (0ms)
		ExecutionOrderSort2 (0ms)
		AwakeInstancesAfterBackupRestoration (0ms)
========================================================================
Worker process is ready to serve import requests
Import Worker Mode flag is 0x00
Begin MonoManager ReloadAssembly
- Loaded All Assemblies, in  0.570 seconds
Refreshing native plugins compatible for Editor in 0.96 ms, found 4 plugins.
Native extension for iOS target not found
Native extension for Android target not found
Native extension for WindowsStandalone target not found
Mono: successfully reloaded assembly
- Finished resetting the current domain, in  0.566 seconds
Domain Reload Profiling: 1135ms
	BeginReloadAssembly (126ms)
		ExecutionOrderSort (0ms)
		DisableScriptedObjects (3ms)
		BackupInstance (0ms)
		ReleaseScriptingObjects (0ms)
		CreateAndSetChildDomain (25ms)
	RebuildCommonClasses (30ms)
	RebuildNativeTypeToScriptingClass (7ms)
	initialDomainReloadingComplete (23ms)
	LoadAllAssembliesAndSetupDomain (383ms)
		LoadAssemblies (254ms)
		RebuildTransferFunctionScriptingTraits (0ms)
		AnalyzeDomain (204ms)
			TypeCache.Refresh (142ms)
				TypeCache.ScanAssembly (130ms)
			BuildScriptInfoCaches (53ms)
			ResolveRequiredComponents (7ms)
	FinalizeReload (567ms)
		ReleaseScriptCaches (0ms)
		RebuildScriptCaches (0ms)
		SetupLoadedEditorAssemblies (456ms)
			LogAssemblyErrors (0ms)
			InitializePlatformSupportModulesInManaged (11ms)
			SetLoadedEditorAssemblies (2ms)
			BeforeProcessingInitializeOnLoad (73ms)
			ProcessInitializeOnLoadAttributes (278ms)
			ProcessInitializeOnLoadMethodAttributes (90ms)
			AfterProcessingInitializeOnLoad (2ms)
			EditorAssembliesLoaded (0ms)
		ExecutionOrderSort2 (0ms)
		AwakeInstancesAfterBackupRestoration (4ms)
Launched and connected shader compiler UnityShaderCompiler.exe after 0.01 seconds
Refreshing native plugins compatible for Editor in 1.67 ms, found 4 plugins.
Preloading 0 native plugins for Editor in 0.00 ms.
Unloading 206 Unused Serialized files (Serialized files now loaded: 0)
Unloading 6585 unused Assets / (6.9 MB). Loaded Objects now: 7231.
Memory consumption went from 172.5 MB to 165.5 MB.
Total: 10.363100 ms (FindLiveObjects: 0.619300 ms CreateObjectMapping: 0.256200 ms MarkObjects: 5.524300 ms  DeleteObjects: 3.962100 ms)

========================================================================
Received Import Request.
  Time since last request: 2114.352066 seconds.
  path: Assets/InputSystem_Actions.inputactions
  artifactKey: Guid(2bcd2660ca9b64942af0de543d8d7100) Importer(815301076,1909f56bfc062723c751e8b465ee728b)
Start importing Assets/InputSystem_Actions.inputactions using Guid(2bcd2660ca9b64942af0de543d8d7100) Importer(815301076,1909f56bfc062723c751e8b465ee728b) (PreviewImporter) -> (artifact id: '1526cf67c1d1aaa9a72597cdbc7bb0b0') in 0.0200613 seconds
Number of updated asset objects reloaded before import = 0Number of asset objects unloaded after import = 19

========================================================================
Received Import Request.
  Time since last request: 0.000017 seconds.
  path: Assets/DefaultVolumeProfile.asset
  artifactKey: Guid(3f9215ea0144899419cfbc0957140d3f) Importer(815301076,1909f56bfc062723c751e8b465ee728b)
Start importing Assets/DefaultVolumeProfile.asset using Guid(3f9215ea0144899419cfbc0957140d3f) Importer(815301076,1909f56bfc062723c751e8b465ee728b) (PreviewImporter) -> (artifact id: '1e3ee85287093c2e01e2184a29fd3edf') in 0.0008564 seconds
Number of updated asset objects reloaded before import = 0Number of asset objects unloaded after import = 0

========================================================================
Received Prepare
Begin MonoManager ReloadAssembly
- Loaded All Assemblies, in  0.528 seconds
Refreshing native plugins compatible for Editor in 1.41 ms, found 4 plugins.
Native extension for iOS target not found
Native extension for Android target not found
Native extension for WindowsStandalone target not found
Mono: successfully reloaded assembly
- Finished resetting the current domain, in  0.472 seconds
Domain Reload Profiling: 1001ms
	BeginReloadAssembly (141ms)
		ExecutionOrderSort (0ms)
		DisableScriptedObjects (8ms)
		BackupInstance (0ms)
		ReleaseScriptingObjects (0ms)
		CreateAndSetChildDomain (44ms)
	RebuildCommonClasses (22ms)
	RebuildNativeTypeToScriptingClass (12ms)
	initialDomainReloadingComplete (18ms)
	LoadAllAssembliesAndSetupDomain (337ms)
		LoadAssemblies (227ms)
		RebuildTransferFunctionScriptingTraits (0ms)
		AnalyzeDomain (169ms)
			TypeCache.Refresh (94ms)
				TypeCache.ScanAssembly (86ms)
			BuildScriptInfoCaches (67ms)
			ResolveRequiredComponents (5ms)
	FinalizeReload (472ms)
		ReleaseScriptCaches (0ms)
		RebuildScriptCaches (0ms)
		SetupLoadedEditorAssemblies (350ms)
			LogAssemblyErrors (0ms)
			InitializePlatformSupportModulesInManaged (14ms)
			SetLoadedEditorAssemblies (2ms)
			BeforeProcessingInitializeOnLoad (74ms)
			ProcessInitializeOnLoadAttributes (224ms)
			ProcessInitializeOnLoadMethodAttributes (34ms)
			AfterProcessingInitializeOnLoad (2ms)
			EditorAssembliesLoaded (0ms)
		ExecutionOrderSort2 (0ms)
		AwakeInstancesAfterBackupRestoration (8ms)
Refreshing native plugins compatible for Editor in 1.04 ms, found 4 plugins.
Preloading 0 native plugins for Editor in 0.00 ms.
Unloading 40 Unused Serialized files (Serialized files now loaded: 0)
Unloading 6706 unused Assets / (6.2 MB). Loaded Objects now: 7361.
Memory consumption went from 150.1 MB to 143.9 MB.
Total: 6.624700 ms (FindLiveObjects: 0.751900 ms CreateObjectMapping: 0.249300 ms MarkObjects: 3.185700 ms  DeleteObjects: 2.436900 ms)

Prepare: number of updated asset objects reloaded= 0
========================================================================
Received Import Request.
  Time since last request: 242.094155 seconds.
  path: Assets/Scenes
  artifactKey: Guid(109e9bdd0fcc649c5bc59085c35bdc83) Importer(815301076,1909f56bfc062723c751e8b465ee728b)
Start importing Assets/Scenes using Guid(109e9bdd0fcc649c5bc59085c35bdc83) Importer(815301076,1909f56bfc062723c751e8b465ee728b) (PreviewImporter) -> (artifact id: 'afdff4c3a2fdaa6f8b2ca806ac4aa93d') in 0.0033877 seconds
Number of updated asset objects reloaded before import = 0Number of asset objects unloaded after import = 0

========================================================================
Received Import Request.
  Time since last request: 0.783664 seconds.
  path: Assets/Scenes/SampleScene.unity
  artifactKey: Guid(8c9cfa26abfee488c85f1582747f6a02) Importer(815301076,1909f56bfc062723c751e8b465ee728b)
Start importing Assets/Scenes/SampleScene.unity using Guid(8c9cfa26abfee488c85f1582747f6a02) Importer(815301076,1909f56bfc062723c751e8b465ee728b) (PreviewImporter) -> (artifact id: '4356a4e0efafe2da4e825d4a5b22b180') in 0.000421 seconds
Number of updated asset objects reloaded before import = 0Number of asset objects unloaded after import = 0

========================================================================
Received Import Request.
  Time since last request: 4.534101 seconds.
  path: Assets/ElvGames/Platformer Series
  artifactKey: Guid(0b86951e83138b14a9ac7bc40742d659) Importer(815301076,1909f56bfc062723c751e8b465ee728b)
Start importing Assets/ElvGames/Platformer Series using Guid(0b86951e83138b14a9ac7bc40742d659) Importer(815301076,1909f56bfc062723c751e8b465ee728b) (PreviewImporter) -> (artifact id: '15da9ca3ea9f6e612c22d1f4760d4dfc') in 0.00045 seconds
Number of updated asset objects reloaded before import = 0Number of asset objects unloaded after import = 0

========================================================================
Received Import Request.
  Time since last request: 0.949366 seconds.
  path: Assets/ElvGames/Platformer Series/Animated Objects
  artifactKey: Guid(8821c895862f68b4b8bffe68a5b35bc6) Importer(815301076,1909f56bfc062723c751e8b465ee728b)
Start importing Assets/ElvGames/Platformer Series/Animated Objects using Guid(8821c895862f68b4b8bffe68a5b35bc6) Importer(815301076,1909f56bfc062723c751e8b465ee728b) (PreviewImporter) -> (artifact id: 'eba01d430921256c8f94bf3e1625756c') in 0.000445 seconds
Number of updated asset objects reloaded before import = 0Number of asset objects unloaded after import = 0

========================================================================
Received Import Request.
  Time since last request: 0.081486 seconds.
  path: Assets/ElvGames/Platformer Series/Animated Objects/PS_Coins_1.png
  artifactKey: Guid(8b44aa62787886c45a49b07f109b7f86) Importer(815301076,1909f56bfc062723c751e8b465ee728b)
Start importing Assets/ElvGames/Platformer Series/Animated Objects/PS_Coins_1.png using Guid(8b44aa62787886c45a49b07f109b7f86) Importer(815301076,1909f56bfc062723c751e8b465ee728b) (PreviewImporter) -> (artifact id: '3d61101a7d29fd7c3678b846b44e8ca3') in 0.090245 seconds
Number of updated asset objects reloaded before import = 0Number of asset objects unloaded after import = 10

========================================================================
Received Import Request.
  Time since last request: 0.000020 seconds.
  path: Assets/ElvGames/Platformer Series/Animated Objects/PS_Crystal_Black_5.png
  artifactKey: Guid(239f667b40285a34e8bea98611092107) Importer(815301076,1909f56bfc062723c751e8b465ee728b)
Start importing Assets/ElvGames/Platformer Series/Animated Objects/PS_Crystal_Black_5.png using Guid(239f667b40285a34e8bea98611092107) Importer(815301076,1909f56bfc062723c751e8b465ee728b) (PreviewImporter) -> (artifact id: '4e7ba200c1cd91da7d41a13ccbf71e97') in 0.0172277 seconds
Number of updated asset objects reloaded before import = 0Number of asset objects unloaded after import = 10

========================================================================
Received Import Request.
  Time since last request: 0.000018 seconds.
  path: Assets/ElvGames/Platformer Series/Animated Objects/PS_Crystal_Green_2.png
  artifactKey: Guid(71ce5dda9ae947d478080df4bf5c0679) Importer(815301076,1909f56bfc062723c751e8b465ee728b)
Start importing Assets/ElvGames/Platformer Series/Animated Objects/PS_Crystal_Green_2.png using Guid(71ce5dda9ae947d478080df4bf5c0679) Importer(815301076,1909f56bfc062723c751e8b465ee728b) (PreviewImporter) -> (artifact id: '629e9707c6c137238b6b3ec213acee48') in 0.0171225 seconds
Number of updated asset objects reloaded before import = 0Number of asset objects unloaded after import = 10

========================================================================
Received Import Request.
  Time since last request: 0.000014 seconds.
  path: Assets/ElvGames/Platformer Series/Animated Objects/PS_Crystal_Blue_5.png
  artifactKey: Guid(bb6f1372e86118041934213f7d0552fe) Importer(815301076,1909f56bfc062723c751e8b465ee728b)
Start importing Assets/ElvGames/Platformer Series/Animated Objects/PS_Crystal_Blue_5.png using Guid(bb6f1372e86118041934213f7d0552fe) Importer(815301076,1909f56bfc062723c751e8b465ee728b) (PreviewImporter) -> (artifact id: '995ca879ca2db320f05f5d6cb1ae2960') in 0.0173867 seconds
Number of updated asset objects reloaded before import = 0Number of asset objects unloaded after import = 10

========================================================================
Received Import Request.
  Time since last request: 0.000015 seconds.
  path: Assets/ElvGames/Platformer Series/Animated Objects/PS_Crystal_Black_2.png
  artifactKey: Guid(be2ca2a3e7ef4bc41988f25f99152df5) Importer(815301076,1909f56bfc062723c751e8b465ee728b)
Start importing Assets/ElvGames/Platformer Series/Animated Objects/PS_Crystal_Black_2.png using Guid(be2ca2a3e7ef4bc41988f25f99152df5) Importer(815301076,1909f56bfc062723c751e8b465ee728b) (PreviewImporter) -> (artifact id: 'ffe70706450e764314f0890aa0a9ee1e') in 0.0159837 seconds
Number of updated asset objects reloaded before import = 0Number of asset objects unloaded after import = 10

========================================================================
Received Import Request.
  Time since last request: 0.000015 seconds.
  path: Assets/ElvGames/Platformer Series/Animated Objects/PS_Crystal_Yellow_2.png
  artifactKey: Guid(a01c70064d372124b9e640361810b892) Importer(815301076,1909f56bfc062723c751e8b465ee728b)
Start importing Assets/ElvGames/Platformer Series/Animated Objects/PS_Crystal_Yellow_2.png using Guid(a01c70064d372124b9e640361810b892) Importer(815301076,1909f56bfc062723c751e8b465ee728b) (PreviewImporter) -> (artifact id: 'dd6989f4c37fc921b70fa67e4c66b4a6') in 0.0196835 seconds
Number of updated asset objects reloaded before import = 0Number of asset objects unloaded after import = 10

========================================================================
Received Import Request.
  Time since last request: 0.000014 seconds.
  path: Assets/ElvGames/Platformer Series/Animated Objects/PS_Crystal_Black_3.png
  artifactKey: Guid(0cc2845d87fb0d940b17dea22ef99f95) Importer(815301076,1909f56bfc062723c751e8b465ee728b)
Start importing Assets/ElvGames/Platformer Series/Animated Objects/PS_Crystal_Black_3.png using Guid(0cc2845d87fb0d940b17dea22ef99f95) Importer(815301076,1909f56bfc062723c751e8b465ee728b) (PreviewImporter) -> (artifact id: 'b060064e8fa2b390e479b602e71ed1f4') in 0.0216498 seconds
Number of updated asset objects reloaded before import = 0Number of asset objects unloaded after import = 10

========================================================================
Received Import Request.
  Time since last request: 0.000013 seconds.
  path: Assets/ElvGames/Platformer Series/Animated Objects/PS_Coins_3.png
  artifactKey: Guid(9ce379193f8f91548b8dee0e1059a90d) Importer(815301076,1909f56bfc062723c751e8b465ee728b)
Start importing Assets/ElvGames/Platformer Series/Animated Objects/PS_Coins_3.png using Guid(9ce379193f8f91548b8dee0e1059a90d) Importer(815301076,1909f56bfc062723c751e8b465ee728b) (PreviewImporter) -> (artifact id: '87d17981260f3915b253c1a153c2ab79') in 0.0165818 seconds
Number of updated asset objects reloaded before import = 0Number of asset objects unloaded after import = 10

========================================================================
Received Import Request.
  Time since last request: 0.000015 seconds.
  path: Assets/ElvGames/Platformer Series/Animated Objects/PS_Coins_4.png
  artifactKey: Guid(45d725c68ded82b4aa20e9fb4cc0807a) Importer(815301076,1909f56bfc062723c751e8b465ee728b)
Start importing Assets/ElvGames/Platformer Series/Animated Objects/PS_Coins_4.png using Guid(45d725c68ded82b4aa20e9fb4cc0807a) Importer(815301076,1909f56bfc062723c751e8b465ee728b) (PreviewImporter) -> (artifact id: '42e07aa2c1254839466255424266e4d8') in 0.0177756 seconds
Number of updated asset objects reloaded before import = 0Number of asset objects unloaded after import = 10

========================================================================
Received Import Request.
  Time since last request: 0.000023 seconds.
  path: Assets/ElvGames/Platformer Series/Animated Objects/PS_Crystal_Blue_1.png
  artifactKey: Guid(0bb978176552f4b4ab7e72036984a90b) Importer(815301076,1909f56bfc062723c751e8b465ee728b)
Start importing Assets/ElvGames/Platformer Series/Animated Objects/PS_Crystal_Blue_1.png using Guid(0bb978176552f4b4ab7e72036984a90b) Importer(815301076,1909f56bfc062723c751e8b465ee728b) (PreviewImporter) -> (artifact id: 'c3dd9176b405633efb55410fc83e38a1') in 0.0165524 seconds
Number of updated asset objects reloaded before import = 0Number of asset objects unloaded after import = 10

========================================================================
Received Import Request.
  Time since last request: 0.000012 seconds.
  path: Assets/ElvGames/Platformer Series/Animated Objects/PS_Crystal_Blue_2.png
  artifactKey: Guid(34c02bf224a39ef49b9d581b353a370b) Importer(815301076,1909f56bfc062723c751e8b465ee728b)
Start importing Assets/ElvGames/Platformer Series/Animated Objects/PS_Crystal_Blue_2.png using Guid(34c02bf224a39ef49b9d581b353a370b) Importer(815301076,1909f56bfc062723c751e8b465ee728b) (PreviewImporter) -> (artifact id: '8af00e6e2fc9e634d744eb7a905a6df2') in 0.0187828 seconds
Number of updated asset objects reloaded before import = 0Number of asset objects unloaded after import = 10

========================================================================
Received Import Request.
  Time since last request: 0.000016 seconds.
  path: Assets/ElvGames/Platformer Series/Animated Objects/PS_Crystal_Black_4.png
  artifactKey: Guid(2da673e9bd2b66d4d9343a01fad638e4) Importer(815301076,1909f56bfc062723c751e8b465ee728b)
Start importing Assets/ElvGames/Platformer Series/Animated Objects/PS_Crystal_Black_4.png using Guid(2da673e9bd2b66d4d9343a01fad638e4) Importer(815301076,1909f56bfc062723c751e8b465ee728b) (PreviewImporter) -> (artifact id: 'c9ada8e28089afbc33741fb4cf77d1bc') in 0.0167596 seconds
Number of updated asset objects reloaded before import = 0Number of asset objects unloaded after import = 10

========================================================================
Received Import Request.
  Time since last request: 0.000012 seconds.
  path: Assets/ElvGames/Platformer Series/Animated Objects/PS_Crystal_Yellow_1.png
  artifactKey: Guid(03d96bde5f1e75c4a97c5b07e692e5e6) Importer(815301076,1909f56bfc062723c751e8b465ee728b)
Start importing Assets/ElvGames/Platformer Series/Animated Objects/PS_Crystal_Yellow_1.png using Guid(03d96bde5f1e75c4a97c5b07e692e5e6) Importer(815301076,1909f56bfc062723c751e8b465ee728b) (PreviewImporter) -> (artifact id: 'a2ec702092e71d3e48fdc192c1cde4ec') in 0.0185367 seconds
Number of updated asset objects reloaded before import = 0Number of asset objects unloaded after import = 10

========================================================================
Received Import Request.
  Time since last request: 0.000017 seconds.
  path: Assets/ElvGames/Platformer Series/Animated Objects/PS_Crystal_Green_4.png
  artifactKey: Guid(cde92f309e9132c49871543f6d76bcbf) Importer(815301076,1909f56bfc062723c751e8b465ee728b)
Start importing Assets/ElvGames/Platformer Series/Animated Objects/PS_Crystal_Green_4.png using Guid(cde92f309e9132c49871543f6d76bcbf) Importer(815301076,1909f56bfc062723c751e8b465ee728b) (PreviewImporter) -> (artifact id: 'fcdee654571e8c6c079893dface9d6a8') in 0.0179845 seconds
Number of updated asset objects reloaded before import = 0Number of asset objects unloaded after import = 10

========================================================================
Received Import Request.
  Time since last request: 0.000012 seconds.
  path: Assets/ElvGames/Platformer Series/Animated Objects/PS_Crystal_Black_1.png
  artifactKey: Guid(55154dfc2f4d66743bffd786983c5e96) Importer(815301076,1909f56bfc062723c751e8b465ee728b)
Start importing Assets/ElvGames/Platformer Series/Animated Objects/PS_Crystal_Black_1.png using Guid(55154dfc2f4d66743bffd786983c5e96) Importer(815301076,1909f56bfc062723c751e8b465ee728b) (PreviewImporter) -> (artifact id: '1b0ced0b240fb2c8066ae57726fb5eef') in 0.0191305 seconds
Number of updated asset objects reloaded before import = 0Number of asset objects unloaded after import = 10

========================================================================
Received Prepare
Begin MonoManager ReloadAssembly
- Loaded All Assemblies, in  0.492 seconds
Refreshing native plugins compatible for Editor in 0.87 ms, found 4 plugins.
Native extension for iOS target not found
Native extension for Android target not found
Native extension for WindowsStandalone target not found
Mono: successfully reloaded assembly
- Finished resetting the current domain, in  0.545 seconds
Domain Reload Profiling: 1040ms
	BeginReloadAssembly (151ms)
		ExecutionOrderSort (0ms)
		DisableScriptedObjects (7ms)
		BackupInstance (0ms)
		ReleaseScriptingObjects (0ms)
		CreateAndSetChildDomain (50ms)
	RebuildCommonClasses (21ms)
	RebuildNativeTypeToScriptingClass (7ms)
	initialDomainReloadingComplete (16ms)
	LoadAllAssembliesAndSetupDomain (300ms)
		LoadAssemblies (221ms)
		RebuildTransferFunctionScriptingTraits (0ms)
		AnalyzeDomain (141ms)
			TypeCache.Refresh (5ms)
				TypeCache.ScanAssembly (0ms)
			BuildScriptInfoCaches (125ms)
			ResolveRequiredComponents (7ms)
	FinalizeReload (546ms)
		ReleaseScriptCaches (0ms)
		RebuildScriptCaches (0ms)
		SetupLoadedEditorAssemblies (408ms)
			LogAssemblyErrors (0ms)
			InitializePlatformSupportModulesInManaged (13ms)
			SetLoadedEditorAssemblies (3ms)
			BeforeProcessingInitializeOnLoad (73ms)
			ProcessInitializeOnLoadAttributes (272ms)
			ProcessInitializeOnLoadMethodAttributes (44ms)
			AfterProcessingInitializeOnLoad (2ms)
			EditorAssembliesLoaded (0ms)
		ExecutionOrderSort2 (0ms)
		AwakeInstancesAfterBackupRestoration (11ms)
Refreshing native plugins compatible for Editor in 1.21 ms, found 4 plugins.
Preloading 0 native plugins for Editor in 0.00 ms.
Unloading 40 Unused Serialized files (Serialized files now loaded: 0)
Unloading 6706 unused Assets / (6.5 MB). Loaded Objects now: 7370.
Memory consumption went from 156.7 MB to 150.2 MB.
Total: 7.180700 ms (FindLiveObjects: 0.614700 ms CreateObjectMapping: 0.288500 ms MarkObjects: 3.411500 ms  DeleteObjects: 2.864900 ms)

Prepare: number of updated asset objects reloaded= 0
========================================================================
Received Import Request.
  Time since last request: 27.244049 seconds.
  path: Assets/Settings/Renderer2D.asset
  artifactKey: Guid(424799608f7334c24bf367e4bbfa7f9a) Importer(815301076,1909f56bfc062723c751e8b465ee728b)
Start importing Assets/Settings/Renderer2D.asset using Guid(424799608f7334c24bf367e4bbfa7f9a) Importer(815301076,1909f56bfc062723c751e8b465ee728b) (PreviewImporter) -> (artifact id: '403a0a9c0aeae1e5730532c1b4a28511') in 0.0156611 seconds
Number of updated asset objects reloaded before import = 0Number of asset objects unloaded after import = 0

========================================================================
Received Import Request.
  Time since last request: 14.653635 seconds.
  path: Assets/ElvGames/Platformer Series/Backgrounds/Background_14_001.png
  artifactKey: Guid(8a4cc2a1d2cf55e4698dc6c3d7296179) Importer(815301076,1909f56bfc062723c751e8b465ee728b)
Start importing Assets/ElvGames/Platformer Series/Backgrounds/Background_14_001.png using Guid(8a4cc2a1d2cf55e4698dc6c3d7296179) Importer(815301076,1909f56bfc062723c751e8b465ee728b) (PreviewImporter) -> (artifact id: '92ee36bb584d1b21e70b775841d523ed') in 0.0377415 seconds
Number of updated asset objects reloaded before import = 0Number of asset objects unloaded after import = 3

========================================================================
Received Import Request.
  Time since last request: 0.000012 seconds.
  path: Assets/ElvGames/Platformer Series/Backgrounds/PS_Space_Clouds_2.png
  artifactKey: Guid(ed1c52460a337e243a7d0f92288c06c1) Importer(815301076,1909f56bfc062723c751e8b465ee728b)
Start importing Assets/ElvGames/Platformer Series/Backgrounds/PS_Space_Clouds_2.png using Guid(ed1c52460a337e243a7d0f92288c06c1) Importer(815301076,1909f56bfc062723c751e8b465ee728b) (PreviewImporter) -> (artifact id: '550bf103e199de73c8334b1628a0c361') in 0.0127755 seconds
Number of updated asset objects reloaded before import = 0Number of asset objects unloaded after import = 3

========================================================================
Received Import Request.
  Time since last request: 0.000011 seconds.
  path: Assets/ElvGames/Platformer Series/Backgrounds/PS_Clouds_ 2.png
  artifactKey: Guid(2e96f2a5adc528947a726038085f67f2) Importer(815301076,1909f56bfc062723c751e8b465ee728b)
Start importing Assets/ElvGames/Platformer Series/Backgrounds/PS_Clouds_ 2.png using Guid(2e96f2a5adc528947a726038085f67f2) Importer(815301076,1909f56bfc062723c751e8b465ee728b) (PreviewImporter) -> (artifact id: 'c6f940151d5615efe9b5c56c333aa52b') in 0.0112958 seconds
Number of updated asset objects reloaded before import = 0Number of asset objects unloaded after import = 3

========================================================================
Received Import Request.
  Time since last request: 0.000013 seconds.
  path: Assets/ElvGames/Platformer Series/Backgrounds/PS_Clouds_ 4.png
  artifactKey: Guid(d15c9967f739d6546ac5534ddda7c330) Importer(815301076,1909f56bfc062723c751e8b465ee728b)
Start importing Assets/ElvGames/Platformer Series/Backgrounds/PS_Clouds_ 4.png using Guid(d15c9967f739d6546ac5534ddda7c330) Importer(815301076,1909f56bfc062723c751e8b465ee728b) (PreviewImporter) -> (artifact id: '50dabf122e7051da49e554150e8338de') in 0.0101177 seconds
Number of updated asset objects reloaded before import = 0Number of asset objects unloaded after import = 3

========================================================================
Received Import Request.
  Time since last request: 0.000022 seconds.
  path: Assets/ElvGames/Platformer Series/Backgrounds/PS_Clouds_ 5.png
  artifactKey: Guid(1c08b3e957c25c24688e8523eec052dd) Importer(815301076,1909f56bfc062723c751e8b465ee728b)
Start importing Assets/ElvGames/Platformer Series/Backgrounds/PS_Clouds_ 5.png using Guid(1c08b3e957c25c24688e8523eec052dd) Importer(815301076,1909f56bfc062723c751e8b465ee728b) (PreviewImporter) -> (artifact id: 'd0136a46c9452fd4a7c3d099628529f1') in 0.0103069 seconds
Number of updated asset objects reloaded before import = 0Number of asset objects unloaded after import = 3

========================================================================
Received Import Request.
  Time since last request: 0.000012 seconds.
  path: Assets/ElvGames/Platformer Series/Backgrounds/PS_Forest_04.png
  artifactKey: Guid(9b04b84bb46268d4bac855fa23d98696) Importer(815301076,1909f56bfc062723c751e8b465ee728b)
Start importing Assets/ElvGames/Platformer Series/Backgrounds/PS_Forest_04.png using Guid(9b04b84bb46268d4bac855fa23d98696) Importer(815301076,1909f56bfc062723c751e8b465ee728b) (PreviewImporter) -> (artifact id: '3b2d64d516a695361d809167c75700f1') in 0.0122922 seconds
Number of updated asset objects reloaded before import = 0Number of asset objects unloaded after import = 3

========================================================================
Received Import Request.
  Time since last request: 0.000011 seconds.
  path: Assets/ElvGames/Platformer Series/Backgrounds/PS_Forest_01.png
  artifactKey: Guid(12ba76673e1f21641953ad4a44380878) Importer(815301076,1909f56bfc062723c751e8b465ee728b)
Start importing Assets/ElvGames/Platformer Series/Backgrounds/PS_Forest_01.png using Guid(12ba76673e1f21641953ad4a44380878) Importer(815301076,1909f56bfc062723c751e8b465ee728b) (PreviewImporter) -> (artifact id: '69e50d93866a3460bcf84cced23ddf80') in 0.012567 seconds
Number of updated asset objects reloaded before import = 0Number of asset objects unloaded after import = 3

========================================================================
Received Import Request.
  Time since last request: 0.000013 seconds.
  path: Assets/ElvGames/Platformer Series/Backgrounds/PS_Background_13_3.png
  artifactKey: Guid(f46d3d2c083340e468f4ee718bf59f6d) Importer(815301076,1909f56bfc062723c751e8b465ee728b)
Start importing Assets/ElvGames/Platformer Series/Backgrounds/PS_Background_13_3.png using Guid(f46d3d2c083340e468f4ee718bf59f6d) Importer(815301076,1909f56bfc062723c751e8b465ee728b) (PreviewImporter) -> (artifact id: '2f2ca24174569f52eebea11be50c00eb') in 0.0112959 seconds
Number of updated asset objects reloaded before import = 0Number of asset objects unloaded after import = 3

========================================================================
Received Import Request.
  Time since last request: 19.658472 seconds.
  path: Assets/ElvGames/Platformer Series/Heroes/Hero 001/Hero_001_Bow.png
  artifactKey: Guid(24633bd13193f0944aa9c8d7b29446bf) Importer(815301076,1909f56bfc062723c751e8b465ee728b)
Start importing Assets/ElvGames/Platformer Series/Heroes/Hero 001/Hero_001_Bow.png using Guid(24633bd13193f0944aa9c8d7b29446bf) Importer(815301076,1909f56bfc062723c751e8b465ee728b) (PreviewImporter) -> (artifact id: '8e50c711af8838c1c5130c2829431774') in 0.0189105 seconds
Number of updated asset objects reloaded before import = 0Number of asset objects unloaded after import = 8

========================================================================
Received Import Request.
  Time since last request: 0.000011 seconds.
  path: Assets/ElvGames/Platformer Series/Heroes/Hero 001/Hero_001_Sword_1.png
  artifactKey: Guid(feabc6c8c77e9934fb374702d39d1a1b) Importer(815301076,1909f56bfc062723c751e8b465ee728b)
Start importing Assets/ElvGames/Platformer Series/Heroes/Hero 001/Hero_001_Sword_1.png using Guid(feabc6c8c77e9934fb374702d39d1a1b) Importer(815301076,1909f56bfc062723c751e8b465ee728b) (PreviewImporter) -> (artifact id: 'cafcddb48433d9fb985d1625854e4c04') in 0.016335 seconds
Number of updated asset objects reloaded before import = 0Number of asset objects unloaded after import = 8

========================================================================
Received Import Request.
  Time since last request: 0.000014 seconds.
  path: Assets/ElvGames/Platformer Series/Heroes/Hero 001/Hero_001_Walk.png
  artifactKey: Guid(d41c518d30ab6bb41b228b6529625b18) Importer(815301076,1909f56bfc062723c751e8b465ee728b)
Start importing Assets/ElvGames/Platformer Series/Heroes/Hero 001/Hero_001_Walk.png using Guid(d41c518d30ab6bb41b228b6529625b18) Importer(815301076,1909f56bfc062723c751e8b465ee728b) (PreviewImporter) -> (artifact id: 'fa5e7bed5648b3edeb337812bb9a84a5') in 0.0149797 seconds
Number of updated asset objects reloaded before import = 0Number of asset objects unloaded after import = 8

========================================================================
Received Import Request.
  Time since last request: 0.000017 seconds.
  path: Assets/ElvGames/Platformer Series/Heroes/Hero 001/Hero_001_Fall.png
  artifactKey: Guid(048ce21d8dc2a4a40bce3cb486a29cbb) Importer(815301076,1909f56bfc062723c751e8b465ee728b)
Start importing Assets/ElvGames/Platformer Series/Heroes/Hero 001/Hero_001_Fall.png using Guid(048ce21d8dc2a4a40bce3cb486a29cbb) Importer(815301076,1909f56bfc062723c751e8b465ee728b) (PreviewImporter) -> (artifact id: '0abad931fced1ed50e90d40234de4e7f') in 0.0162506 seconds
Number of updated asset objects reloaded before import = 0Number of asset objects unloaded after import = 8

========================================================================
Received Import Request.
  Time since last request: 0.000016 seconds.
  path: Assets/ElvGames/Platformer Series/Heroes/Hero 001/Hero_001_Dead.png
  artifactKey: Guid(09e12101440580942bdc61ebfa60720b) Importer(815301076,1909f56bfc062723c751e8b465ee728b)
Start importing Assets/ElvGames/Platformer Series/Heroes/Hero 001/Hero_001_Dead.png using Guid(09e12101440580942bdc61ebfa60720b) Importer(815301076,1909f56bfc062723c751e8b465ee728b) (PreviewImporter) -> (artifact id: 'db3ff496e5a8b2eb471c322fa0e84f62') in 0.0158048 seconds
Number of updated asset objects reloaded before import = 0Number of asset objects unloaded after import = 8

